de , 1 : 757,1,6;
necesitas , 1 : 3054,1,19;
cuando , 1 : 3054,1,16;
parece , 1 : 3054,1,5;
or , 2 : 757,1,21;456,1,4;
dos , 1 : 3054,1,14;
to , 4 : 757,2,19,23;456,2,2,6;
encendedor , 1 : 3054,1,10;
colmo , 1 : 757,1,5;
cual , 1 : 757,1,2;
calvo , 1 : 757,1,18;
amigo , 1 : 3054,1,7;
se , 1 : 3054,1,4;
not , 2 : 757,1,22;456,1,5;
mas , 1 : 3054,1,17;
que , 4 : 3054,2,3,12;757,2,10,12;
fallan , 1 : 3054,1,15;
tenga , 1 : 757,1,11;
peluquero , 1 : 757,1,8;
un , 4 : 3054,2,6,9;757,2,7,17;
cortarle , 1 : 757,1,13;
be , 4 : 757,2,20,24;456,2,3,7;
el , 3 : 757,3,4,9,14;
en , 2 : 3054,2,2,11;
los , 2 : 3054,2,13,18;
cabello , 1 : 757,1,15;
es , 1 : 757,1,3;
a , 2 : 3054,1,8;757,1,16;
